<?xml version="1.0" encoding="UTF-8"?>
<!-- Generated by org.testng.reporters.JUnitXMLReporter -->
<testsuite ignored="0" hostname="LASST308682" failures="0" tests="1" name="NHSCostInfo_CHROME" time="0.111" errors="0" timestamp="2023-02-17T16:14:04 GMT">
  <testcase classname="Runner.TestRunner" name="@BeforeClass setUpClass" time="0.029">
    <failure type="java.lang.NoSuchMethodError" message="&amp;apos;void cucumber.runtime.RuntimeOptionsFactory.&amp;lt;init&amp;gt;(java.lang.Class)&amp;apos;">
      <![CDATA[java.lang.NoSuchMethodError: 'void cucumber.runtime.RuntimeOptionsFactory.<init>(java.lang.Class)'
at cucumber.api.testng.TestNGCucumberRunner.<init>(TestNGCucumberRunner.java:39)
at Runner.TestRunner.setUpClass(TestRunner.java:42)
at java.base/java.util.ArrayList.forEach(ArrayList.java:1511)
at java.base/java.util.concurrent.FutureTask.run(FutureTask.java:264)
at java.base/java.util.concurrent.ThreadPoolExecutor.runWorker(ThreadPoolExecutor.java:1136)
at java.base/java.util.concurrent.ThreadPoolExecutor$Worker.run(ThreadPoolExecutor.java:635)
at java.base/java.lang.Thread.run(Thread.java:833)
... Removed 16 stack frames]]>
    </failure>
  </testcase> <!-- @BeforeClass setUpClass -->
  <testcase classname="Runner.TestRunner" name="@AfterClass tearDown" time="-1.676650444645E9">
    <skipped/>
  </testcase> <!-- @AfterClass tearDown -->
  <testcase classname="Runner.TestRunner" name="my_test" time="0.0">
    <skipped/>
  </testcase> <!-- my_test -->
</testsuite> <!-- NHSCostInfo_CHROME -->
